# JRE version: OpenJDK Runtime Environment (8.0_202) (build 1.8.0_202-release-1483-b49-5587405)
# Java VM: OpenJDK 64-Bit Server VM (25.202-b49-5587405 mixed mode linux-amd64 compressed oops)
Heap:
 PSYoungGen      total 464896K, used 184643K [0x00000000e0000000, 0x0000000100000000, 0x0000000100000000)
  eden space 412672K, 43% used [0x00000000e0000000,0x00000000eae5ccd8,0x00000000f9300000)
  from space 52224K, 11% used [0x00000000f9300000,0x00000000f98f4070,0x00000000fc600000)
  to   space 50688K, 0% used [0x00000000fce80000,0x00000000fce80000,0x0000000100000000)
 ParOldGen       total 342016K, used 98544K [0x00000000a0000000, 0x00000000b4e00000, 0x00000000e0000000)
  object space 342016K, 28% used [0x00000000a0000000,0x00000000a603c260,0x00000000b4e00000)
 Metaspace       used 101371K, capacity 106852K, committed 107096K, reserved 1142784K
  class space    used 12900K, capacity 13882K, committed 13952K, reserved 1048576K
GC Heap History (10 events):
Event: 3099.432 GC heap before
{Heap before GC invocations=40 (full 5):
 PSYoungGen      total 458752K, used 406247K [0x00000000e0000000, 0x00000000ffd00000, 0x0000000100000000)
  eden space 399360K, 100% used [0x00000000e0000000,0x00000000f8600000,0x00000000f8600000)
  from space 59392K, 11% used [0x00000000fc300000,0x00000000fc9b9eb0,0x00000000ffd00000)
  to   space 60928K, 0% used [0x00000000f8600000,0x00000000f8600000,0x00000000fc180000)
 ParOldGen       total 342016K, used 97494K [0x00000000a0000000, 0x00000000b4e00000, 0x00000000e0000000)
  object space 342016K, 28% used [0x00000000a0000000,0x00000000a5f35b70,0x00000000b4e00000)
 Metaspace       used 98786K, capacity 103414K, committed 104152K, reserved 1140736K
  class space    used 12651K, capacity 13487K, committed 13824K, reserved 1048576K
Event: 3099.438 GC heap after
Heap after GC invocations=40 (full 5):
 PSYoungGen      total 460288K, used 8304K [0x00000000e0000000, 0x00000000ffd80000, 0x0000000100000000)
  eden space 399360K, 0% used [0x00000000e0000000,0x00000000e0000000,0x00000000f8600000)
  from space 60928K, 13% used [0x00000000f8600000,0x00000000f8e1c050,0x00000000fc180000)
  to   space 58880K, 0% used [0x00000000fc400000,0x00000000fc400000,0x00000000ffd80000)
 ParOldGen       total 342016K, used 98512K [0x00000000a0000000, 0x00000000b4e00000, 0x00000000e0000000)
  object space 342016K, 28% used [0x00000000a0000000,0x00000000a6034260,0x00000000b4e00000)
 Metaspace       used 98786K, capacity 103414K, committed 104152K, reserved 1140736K
  class space    used 12651K, capacity 13487K, committed 13824K, reserved 1048576K
}
Event: 3190.579 GC heap before
{Heap before GC invocations=41 (full 5):
 PSYoungGen      total 460288K, used 407664K [0x00000000e0000000, 0x00000000ffd80000, 0x0000000100000000)
  eden space 399360K, 100% used [0x00000000e0000000,0x00000000f8600000,0x00000000f8600000)
  from space 60928K, 13% used [0x00000000f8600000,0x00000000f8e1c050,0x00000000fc180000)
  to   space 58880K, 0% used [0x00000000fc400000,0x00000000fc400000,0x00000000ffd80000)
 ParOldGen       total 342016K, used 98512K [0x00000000a0000000, 0x00000000b4e00000, 0x00000000e0000000)
  object space 342016K, 28% used [0x00000000a0000000,0x00000000a6034260,0x00000000b4e00000)
 Metaspace       used 99160K, capacity 103862K, committed 104408K, reserved 1140736K
  class space    used 12676K, capacity 13529K, committed 13824K, reserved 1048576K
Event: 3190.584 GC heap after
Heap after GC invocations=41 (full 5):
 PSYoungGen      total 458752K, used 10064K [0x00000000e0000000, 0x00000000ff900000, 0x0000000100000000)
  eden space 404480K, 0% used [0x00000000e0000000,0x00000000e0000000,0x00000000f8b00000)
  from space 54272K, 18% used [0x00000000fc400000,0x00000000fcdd4040,0x00000000ff900000)
  to   space 56320K, 0% used [0x00000000f8b00000,0x00000000f8b00000,0x00000000fc200000)
 ParOldGen       total 342016K, used 98520K [0x00000000a0000000, 0x00000000b4e00000, 0x00000000e0000000)
  object space 342016K, 28% used [0x00000000a0000000,0x00000000a6036260,0x00000000b4e00000)
 Metaspace       used 99160K, capacity 103862K, committed 104408K, reserved 1140736K
  class space    used 12676K, capacity 13529K, committed 13824K, reserved 1048576K
}
Event: 4051.496 GC heap before
{Heap before GC invocations=42 (full 5):
 PSYoungGen      total 458752K, used 414544K [0x00000000e0000000, 0x00000000ff900000, 0x0000000100000000)
  eden space 404480K, 100% used [0x00000000e0000000,0x00000000f8b00000,0x00000000f8b00000)
  from space 54272K, 18% used [0x00000000fc400000,0x00000000fcdd4040,0x00000000ff900000)
  to   space 56320K, 0% used [0x00000000f8b00000,0x00000000f8b00000,0x00000000fc200000)
 ParOldGen       total 342016K, used 98520K [0x00000000a0000000, 0x00000000b4e00000, 0x00000000e0000000)
  object space 342016K, 28% used [0x00000000a0000000,0x00000000a6036260,0x00000000b4e00000)
 Metaspace       used 99618K, capacity 104496K, committed 104920K, reserved 1140736K
  class space    used 12715K, capacity 13600K, committed 13824K, reserved 1048576K
Event: 4051.504 GC heap after
Heap after GC invocations=42 (full 5):
 PSYoungGen      total 460800K, used 24859K [0x00000000e0000000, 0x0000000100000000, 0x0000000100000000)
  eden space 404480K, 0% used [0x00000000e0000000,0x00000000e0000000,0x00000000f8b00000)
  from space 56320K, 44% used [0x00000000f8b00000,0x00000000fa346ef8,0x00000000fc200000)
  to   space 55296K, 0% used [0x00000000fca00000,0x00000000fca00000,0x0000000100000000)
 ParOldGen       total 342016K, used 98528K [0x00000000a0000000, 0x00000000b4e00000, 0x00000000e0000000)
  object space 342016K, 28% used [0x00000000a0000000,0x00000000a6038260,0x00000000b4e00000)
 Metaspace       used 99618K, capacity 104496K, committed 104920K, reserved 1140736K
  class space    used 12715K, capacity 13600K, committed 13824K, reserved 1048576K
}
Event: 4114.881 GC heap before
{Heap before GC invocations=43 (full 5):
 PSYoungGen      total 460800K, used 429339K [0x00000000e0000000, 0x0000000100000000, 0x0000000100000000)
  eden space 404480K, 100% used [0x00000000e0000000,0x00000000f8b00000,0x00000000f8b00000)
  from space 56320K, 44% used [0x00000000f8b00000,0x00000000fa346ef8,0x00000000fc200000)
  to   space 55296K, 0% used [0x00000000fca00000,0x00000000fca00000,0x0000000100000000)
 ParOldGen       total 342016K, used 98528K [0x00000000a0000000, 0x00000000b4e00000, 0x00000000e0000000)
  object space 342016K, 28% used [0x00000000a0000000,0x00000000a6038260,0x00000000b4e00000)
 Metaspace       used 100159K, capacity 105390K, committed 105688K, reserved 1140736K
  class space    used 12763K, capacity 13685K, committed 13824K, reserved 1048576K
Event: 4114.890 GC heap after
Heap after GC invocations=43 (full 5):
 PSYoungGen      total 460800K, used 14769K [0x00000000e0000000, 0x00000000ff900000, 0x0000000100000000)
  eden space 412672K, 0% used [0x00000000e0000000,0x00000000e0000000,0x00000000f9300000)
  from space 48128K, 30% used [0x00000000fca00000,0x00000000fd86c508,0x00000000ff900000)
  to   space 52224K, 0% used [0x00000000f9300000,0x00000000f9300000,0x00000000fc600000)
 ParOldGen       total 342016K, used 98536K [0x00000000a0000000, 0x00000000b4e00000, 0x00000000e0000000)
  object space 342016K, 28% used [0x00000000a0000000,0x00000000a603a260,0x00000000b4e00000)
 Metaspace       used 100159K, capacity 105390K, committed 105688K, reserved 1140736K
  class space    used 12763K, capacity 13685K, committed 13824K, reserved 1048576K
}
Event: 4345.191 GC heap before
{Heap before GC invocations=44 (full 5):
 PSYoungGen      total 460800K, used 427441K [0x00000000e0000000, 0x00000000ff900000, 0x0000000100000000)
  eden space 412672K, 100% used [0x00000000e0000000,0x00000000f9300000,0x00000000f9300000)
  from space 48128K, 30% used [0x00000000fca00000,0x00000000fd86c508,0x00000000ff900000)
  to   space 52224K, 0% used [0x00000000f9300000,0x00000000f9300000,0x00000000fc600000)
 ParOldGen       total 342016K, used 98536K [0x00000000a0000000, 0x00000000b4e00000, 0x00000000e0000000)
  object space 342016K, 28% used [0x00000000a0000000,0x00000000a603a260,0x00000000b4e00000)
 Metaspace       used 100633K, capacity 106144K, committed 106200K, reserved 1142784K
  class space    used 12814K, capacity 13778K, committed 13824K, reserved 1048576K
Event: 4345.195 GC heap after
Heap after GC invocations=44 (full 5):
 PSYoungGen      total 464896K, used 6096K [0x00000000e0000000, 0x0000000100000000, 0x0000000100000000)
  eden space 412672K, 0% used [0x00000000e0000000,0x00000000e0000000,0x00000000f9300000)
  from space 52224K, 11% used [0x00000000f9300000,0x00000000f98f4070,0x00000000fc600000)
  to   space 50688K, 0% used [0x00000000fce80000,0x00000000fce80000,0x0000000100000000)
 ParOldGen       total 342016K, used 98544K [0x00000000a0000000, 0x00000000b4e00000, 0x00000000e0000000)
  object space 342016K, 28% used [0x00000000a0000000,0x00000000a603c260,0x00000000b4e00000)
 Metaspace       used 100633K, capacity 106144K, committed 106200K, reserved 1142784K
  class space    used 12814K, capacity 13778K, committed 13824K, reserved 1048576K
}

